Dataset contains NAs.
metab has 5 NAs.
Dataset contains NAs.
metab has 5 NAs.
Dataset contains NAs.
metab has 5 NAs.
Dataset contains NAs.
metab has 5 NAs.
Dataset contains NAs.
metab has 5 NAs.
Dataset contains NAs.
metab has 5 NAs.
Dataset contains NAs.
metab has 5 NAs.
Dataset contains NAs.
metab has 5 NAs.
Dataset contains NAs.
metab has 5 NAs.
Dataset contains NAs.
metab has 5 NAs.
Dataset contains NAs.
metab has 5 NAs.
Dataset contains NAs.
metab has 5 NAs.
Dataset contains NAs.
metab has 5 NAs.
Dataset contains NAs.
metab has 5 NAs.
Dataset contains NAs.
metab has 5 NAs.
Dataset contains NAs.
metab has 5 NAs.

real	1m2.966s
user	0m58.886s
sys	0m5.582s
