Loading required package: coda
Linked to JAGS 4.3.0
Loaded modules: basemod,bugs
[1] "cg01080368 and bc_oxylipin18"
[1] "cg15314023 and bc_oxylipin39"
[1] "cg12776287 and bc_oxylipin37"
[1] "cg15540602 and bc_oxylipin37"
[1] "cg09259053 and bc_vitD_7"
[1] "cg13407883 and bc_oxylipin19"
[1] "cg16344081 and bc_oxylipin26"
[1] "cg23850212 and bc_vitD_1"
[1] "cg16365842 and bc_vitD_7"
[1] "cg27585874 and bc_oxylipin25"
[1] "cg01506108 and bc_oxylipin20"
[1] "cg11060856 and bc_oxylipin12"
[1] "cg22501143 and lipid_578"
[1] "cg13981214 and bc_oxylipin27"
[1] "cg05386230 and bc_oxylipin19"
[1] "cg24069479 and bc_vitD_7"
[1] "cg03228945 and bc_oxylipin37"
[1] "cg25738176 and bc_oxylipin27"
[1] "cg02551910 and bc_oxylipin35"
[1] "cg05127077 and bc_oxylipin39"
[1] "cg12441967 and bc_vitD_7"
[1] "cg18102446 and bc_oxylipin29"
[1] "cg11193169 and bc_oxylipin20"
[1] "cg02606058 and bc_oxylipin18"
[1] "cg05645787 and bc_oxylipin2"
[1] "cg06549275 and bc_vitD_3"
[1] "cg23044903 and bc_oxylipin38"
[1] "cg27048527 and bc_oxylipin27"
[1] "cg19403720 and bc_oxylipin19"
[1] "cg25629768 and bc_vitD_1"
[1] "cg00906833 and bc_oxylipin25"
[1] "cg12675583 and bc_oxylipin19"
[1] "cg24024528 and bc_vitD_1"
[1] "cg01033175 and bc_oxylipin18"
[1] "cg17218041 and bc_oxylipin2"
[1] "cg15399466 and bc_oxylipin26"
[1] "cg15187398 and bc_vitD_3"
